<?xml version="1.0" encoding="UTF-8"?>
<testsuite name="org.launchcode.techjobs.oo.TestTaskFive" tests="6" skipped="0" failures="0" errors="0" timestamp="2024-05-17T00:49:22" hostname="Johnnys-MacBook-Pro.local" time="0.012">
  <properties/>
  <testcase name="testTestToStringStartsAndEndsWithNewLineExists" classname="org.launchcode.techjobs.oo.TestTaskFive" time="0.002"/>
  <testcase name="testTestToStringContainsCorrectLabelsAndDataExists" classname="org.launchcode.techjobs.oo.TestTaskFive" time="0.0"/>
  <testcase name="testToStringHandlesEmptyField" classname="org.launchcode.techjobs.oo.TestTaskFive" time="0.008"/>
  <testcase name="testToStringContainsCorrectLabelsAndData" classname="org.launchcode.techjobs.oo.TestTaskFive" time="0.001"/>
  <testcase name="testToStringStartsAndEndsWithNewLine" classname="org.launchcode.techjobs.oo.TestTaskFive" time="0.0"/>
  <testcase name="testTestToStringHandlesEmptyFieldExists" classname="org.launchcode.techjobs.oo.TestTaskFive" time="0.0"/>
  <system-out><![CDATA[]]></system-out>
  <system-err><![CDATA[]]></system-err>
</testsuite>
